#
# A fatal error has been detected by the Java Runtime Environment:
#
#  EXCEPTION_ACCESS_VIOLATION (0xc0000005) at pc=0x000000006e5ddf5b, pid=21308, tid=15588
#
# JRE version: 7.0_21-b11
# Java VM: Java HotSpot(TM) 64-Bit Server VM (23.21-b01 mixed mode windows-amd64 compressed oops)
# Problematic frame:
# V  [jvm.dll+0x11df5b]
#
# Failed to write core dump. Minidumps are not enabled by default on client versions of Windows
#
# If you would like to submit a bug report, please visit:
#   http://bugreport.sun.com/bugreport/crash.jsp
#

---------------  T H R E A D  ---------------

Current thread (0x000000000b15f800):  JavaThread "JDWP Transport Listener: dt_socket" daemon [_thread_in_vm, id=15588, stack(0x000000000be80000,0x000000000bf80000)]

siginfo: ExceptionCode=0xc0000005, reading address 0xffffffffffffffff

Registers:
RAX=0x000000000bf7f201, RBX=0x000000000b15f800, RCX=0x003b79726f74003b, RDX=0x000000000b15f800
RSP=0x000000000bf7f220, RBP=0x003b79726f74003b, RSI=0x000000000bf7f338, RDI=0x00000000020988b0
R8 =0x000000000bf7f338, R9 =0x00000e9a01a900c7, R10=0x0000000000000000, R11=0x000000000b1c3a5e
R12=0x0000000000000000, R13=0x0000000000000000, R14=0x0000000000000000, R15=0x0000000000000000
RIP=0x000000006e5ddf5b, EFLAGS=0x0000000000010202

Top of Stack: (sp=0x000000000bf7f220)
0x000000000bf7f220:   000000000b15f800 0000000002123e40
0x000000000bf7f230:   000000000bf7f2e8 000000006e765699
0x000000000bf7f240:   000000000b15f800 000000006e781062
0x000000000bf7f250:   0000000000000000 000000000b15f800
0x000000000bf7f260:   000000000b18f018 0000000056f4264e
0x000000000bf7f270:   000000000b15f800 0000000000000000
0x000000000bf7f280:   0000000000000000 0000000000000000
0x000000000bf7f290:   003b79726f74003b 0000000056f41745
0x000000000bf7f2a0:   000000000bf7f338 000000000bf7f310
0x000000000bf7f2b0:   0000000000000001 000000000b18f018
0x000000000bf7f2c0:   003b79726f74003b 0000000056f253b3
0x000000000bf7f2d0:   000000000bf7f400 0000000000000001
0x000000000bf7f2e0:   0000000000000001 000000000b18f018
0x000000000bf7f2f0:   000000000000000a 0000000000000000
0x000000000bf7f300:   0000000000000000 0000000000000000
0x000000000bf7f310:   0000000000000001 0000000056f25571 

Instructions: (pc=0x000000006e5ddf5b)
0x000000006e5ddf3b:   48 8b 5c 24 30 48 89 47 18 48 83 c4 20 5f c3 cc
0x000000006e5ddf4b:   cc cc cc cc cc 40 53 48 83 ec 20 48 85 c9 74 54
0x000000006e5ddf5b:   48 8b 19 48 85 db 74 4c 48 b8 fe fe fe fe fe fe
0x000000006e5ddf6b:   fe fe 48 3b d8 74 3d 80 3d ff fd 58 00 00 74 15 


Register to memory mapping:

RAX=0x000000000bf7f201 is pointing into the stack for thread: 0x000000000b15f800
RBX=0x000000000b15f800 is a thread
RCX=0x003b79726f74003b is an unknown value
RDX=0x000000000b15f800 is a thread
RSP=0x000000000bf7f220 is pointing into the stack for thread: 0x000000000b15f800
RBP=0x003b79726f74003b is an unknown value
RSI=0x000000000bf7f338 is pointing into the stack for thread: 0x000000000b15f800
RDI=0x00000000020988b0 is an unknown value
R8 =0x000000000bf7f338 is pointing into the stack for thread: 0x000000000b15f800
R9 =0x00000e9a01a900c7 is an unknown value
R10=0x0000000000000000 is an unknown value
R11=0x000000000b1c3a5e is an unknown value
R12=0x0000000000000000 is an unknown value
R13=0x0000000000000000 is an unknown value
R14=0x0000000000000000 is an unknown value
R15=0x0000000000000000 is an unknown value


Stack: [0x000000000be80000,0x000000000bf80000],  sp=0x000000000bf7f220,  free space=1020k
Native frames: (J=compiled Java code, j=interpreted, Vv=VM code, C=native code)
V  [jvm.dll+0x11df5b]


---------------  P R O C E S S  ---------------

Java Threads: ( => current thread )
  0x000000000b177000 JavaThread "Service Thread" daemon [_thread_blocked, id=22824, stack(0x000000000c870000,0x000000000c970000)]
  0x000000000b175800 JavaThread "C2 CompilerThread1" daemon [_thread_blocked, id=14088, stack(0x000000000c680000,0x000000000c780000)]
  0x000000000b172000 JavaThread "C2 CompilerThread0" daemon [_thread_blocked, id=14920, stack(0x000000000c560000,0x000000000c660000)]
  0x000000000b16d000 JavaThread "JDWP Command Reader" daemon [_thread_in_native, id=21900, stack(0x000000000c410000,0x000000000c510000)]
  0x000000000b162800 JavaThread "JDWP Event Helper Thread" daemon [_thread_blocked, id=23228, stack(0x000000000c1d0000,0x000000000c2d0000)]
=>0x000000000b15f800 JavaThread "JDWP Transport Listener: dt_socket" daemon [_thread_in_vm, id=15588, stack(0x000000000be80000,0x000000000bf80000)]
  0x000000000b14a800 JavaThread "Attach Listener" daemon [_thread_blocked, id=22740, stack(0x000000000b6b0000,0x000000000b7b0000)]
  0x00000000091af800 JavaThread "Signal Dispatcher" daemon [_thread_blocked, id=18944, stack(0x000000000b570000,0x000000000b670000)]
  0x0000000009179800 JavaThread "Finalizer" daemon [_thread_blocked, id=6588, stack(0x000000000b000000,0x000000000b100000)]
  0x0000000009171000 JavaThread "Reference Handler" daemon [_thread_blocked, id=18532, stack(0x000000000add0000,0x000000000aed0000)]
  0x000000000209d000 JavaThread "main" [_thread_in_native, id=17332, stack(0x0000000002230000,0x0000000002330000)]

Other Threads:
  0x0000000009167800 VMThread [stack: 0x000000000af00000,0x000000000b000000] [id=22608]
  0x000000000b18e000 WatcherThread [stack: 0x000000000ca50000,0x000000000cb50000] [id=22192]

VM state:not at safepoint (normal execution)

VM Mutex/Monitor currently owned by a thread: None

Heap
 PSYoungGen      total 75904K, used 2603K [0x00000007ab400000, 0x00000007b08b0000, 0x0000000800000000)
  eden space 65088K, 4% used [0x00000007ab400000,0x00000007ab68ae98,0x00000007af390000)
  from space 10816K, 0% used [0x00000007afe20000,0x00000007afe20000,0x00000007b08b0000)
  to   space 10816K, 0% used [0x00000007af390000,0x00000007af390000,0x00000007afe20000)
 ParOldGen       total 173568K, used 0K [0x0000000701c00000, 0x000000070c580000, 0x00000007ab400000)
  object space 173568K, 0% used [0x0000000701c00000,0x0000000701c00000,0x000000070c580000)
 PSPermGen       total 21248K, used 3063K [0x00000006fca00000, 0x00000006fdec0000, 0x0000000701c00000)
  object space 21248K, 14% used [0x00000006fca00000,0x00000006fccfde68,0x00000006fdec0000)

Card table byte_map: [0x00000000053f0000,0x0000000005c10000] byte_map_base: 0x0000000001c0b000

Polling page: 0x0000000001b50000

Code Cache  [0x0000000002330000, 0x00000000025a0000, 0x0000000005330000)
 total_blobs=163 nmethods=0 adapters=138 free_code_cache=48774Kb largest_free_block=49944576

Compilation events (0 events):
No events

GC Heap History (0 events):
No events

Deoptimization events (0 events):
No events

Internal exceptions (6 events):
Event: 0.042 Thread 0x000000000209d000 Threw 0x00000007ab4061b0 at C:\jdk7u2_64p\jdk7u21\hotspot\src\share\vm\prims\jni.cpp:3994
Event: 0.215 Thread 0x000000000209d000 Threw 0x00000007ab44a7e0 at C:\jdk7u2_64p\jdk7u21\hotspot\src\share\vm\prims\jvm.cpp:1166
Event: 0.242 Thread 0x000000000209d000 Threw 0x00000007ab46b2c8 at C:\jdk7u2_64p\jdk7u21\hotspot\src\share\vm\prims\jvm.cpp:1166
Event: 0.242 Thread 0x000000000209d000 Threw 0x00000007ab46b3f0 at C:\jdk7u2_64p\jdk7u21\hotspot\src\share\vm\prims\jvm.cpp:1166
Event: 0.243 Thread 0x000000000209d000 Threw 0x00000007ab46d5b8 at C:\jdk7u2_64p\jdk7u21\hotspot\src\share\vm\prims\jvm.cpp:1166
Event: 0.243 Thread 0x000000000209d000 Threw 0x00000007ab46d6e0 at C:\jdk7u2_64p\jdk7u21\hotspot\src\share\vm\prims\jvm.cpp:1166

Events (10 events):
Event: 236.366 Executing VM operation: RedefineClasses
Event: 236.366 Executing VM operation: RedefineClasses done
Event: 345.095 Executing VM operation: RedefineClasses
Event: 345.096 Executing VM operation: RedefineClasses done
Event: 1610.878 Executing VM operation: RedefineClasses
Event: 1610.878 Executing VM operation: RedefineClasses done
Event: 1635.107 Executing VM operation: RedefineClasses
Event: 1635.107 Executing VM operation: RedefineClasses done
Event: 2594.361 Executing VM operation: RedefineClasses
Event: 2594.361 Executing VM operation: RedefineClasses done


Dynamic libraries:
0x000000013ffe0000 - 0x0000000140013000 	C:\JAVA\jre7-64bit\bin\javaw.exe
0x0000000077900000 - 0x0000000077aa9000 	C:\Windows\SYSTEM32\ntdll.dll
0x00000000777e0000 - 0x00000000778ff000 	C:\Windows\system32\kernel32.dll
0x000007fefd8a0000 - 0x000007fefd90c000 	C:\Windows\system32\KERNELBASE.dll
0x000007fefe530000 - 0x000007fefe60b000 	C:\Windows\system32\ADVAPI32.dll
0x000007fefda80000 - 0x000007fefdb1f000 	C:\Windows\system32\msvcrt.dll
0x000007feffaa0000 - 0x000007feffabf000 	C:\Windows\SYSTEM32\sechost.dll
0x000007fefdbf0000 - 0x000007fefdd1d000 	C:\Windows\system32\RPCRT4.dll
0x00000000776e0000 - 0x00000000777da000 	C:\Windows\system32\USER32.dll
0x000007feffac0000 - 0x000007feffb27000 	C:\Windows\system32\GDI32.dll
0x000007fefed00000 - 0x000007fefed0e000 	C:\Windows\system32\LPK.dll
0x000007fefdb20000 - 0x000007fefdbe9000 	C:\Windows\system32\USP10.dll
0x000007fefbfa0000 - 0x000007fefc194000 	C:\Windows\WinSxS\amd64_microsoft.windows.common-controls_6595b64144ccf1df_6.0.7601.17514_none_fa396087175ac9ac\COMCTL32.dll
0x000007fefe7c0000 - 0x000007fefe831000 	C:\Windows\system32\SHLWAPI.dll
0x000007fefe4e0000 - 0x000007fefe50e000 	C:\Windows\system32\IMM32.DLL
0x000007fefe610000 - 0x000007fefe719000 	C:\Windows\system32\MSCTF.dll
0x000007fefd5f0000 - 0x000007fefd630000 	C:\Windows\system32\nvinitx.dll
0x000000000f000000 - 0x000000000f006000 	C:\Program Files\NVIDIA Corporation\CoProcManager\_etoured.dll
0x000007fef90d0000 - 0x000007fef9126000 	C:\Program Files\NVIDIA Corporation\CoProcManager\nvd3d9wrapx.dll
0x000007fefddc0000 - 0x000007fefdf97000 	C:\Windows\system32\SETUPAPI.dll
0x000007fefd7a0000 - 0x000007fefd7d6000 	C:\Windows\system32\CFGMGR32.dll
0x000007feffb30000 - 0x000007feffc07000 	C:\Windows\system32\OLEAUT32.dll
0x000007fefe840000 - 0x000007fefea43000 	C:\Windows\system32\ole32.dll
0x000007fefd800000 - 0x000007fefd81a000 	C:\Windows\system32\DEVOBJ.dll
0x000007fef8d20000 - 0x000007fef8d5d000 	C:\Program Files\NVIDIA Corporation\CoProcManager\nvdxgiwrapx.dll
0x0000000051250000 - 0x0000000051321000 	C:\JAVA\jre7-64bit\bin\msvcr100.dll
0x000000006e4c0000 - 0x000000006ebe1000 	C:\JAVA\jre7-64bit\bin\server\jvm.dll
0x000007fef2f90000 - 0x000007fef2f99000 	C:\Windows\system32\WSOCK32.dll
0x000007fefea60000 - 0x000007fefeaad000 	C:\Windows\system32\WS2_32.dll
0x000007fefea50000 - 0x000007fefea58000 	C:\Windows\system32\NSI.dll
0x000007fefac80000 - 0x000007fefacbb000 	C:\Windows\system32\WINMM.dll
0x0000000077ac0000 - 0x0000000077ac7000 	C:\Windows\system32\PSAPI.DLL
0x0000000069ac0000 - 0x0000000069acf000 	C:\JAVA\jre7-64bit\bin\verify.dll
0x0000000056860000 - 0x0000000056888000 	C:\JAVA\jre7-64bit\bin\java.dll
0x0000000056f20000 - 0x0000000056f55000 	C:\JAVA\jre7-64bit\bin\jdwp.dll
0x0000000057cb0000 - 0x0000000057cb8000 	C:\JAVA\jre7-64bit\bin\npt.dll
0x00000000588b0000 - 0x00000000588c5000 	C:\JAVA\jre7-64bit\bin\zip.dll
0x00000000587b0000 - 0x00000000587b9000 	C:\JAVA\jre7-64bit\bin\dt_socket.dll
0x000007fefaab0000 - 0x000007fefaac5000 	C:\Windows\system32\NLAapi.dll
0x000007feebcb0000 - 0x000007feebcc5000 	C:\Windows\system32\napinsp.dll
0x000007feebc90000 - 0x000007feebca9000 	C:\Windows\system32\pnrpnsp.dll
0x000007fefce20000 - 0x000007fefce75000 	C:\Windows\System32\mswsock.dll
0x000007fefcca0000 - 0x000007fefccfb000 	C:\Windows\system32\DNSAPI.dll
0x000007feebc80000 - 0x000007feebc8b000 	C:\Windows\System32\winrnr.dll
0x0000000072430000 - 0x0000000072456000 	C:\Program Files\Bonjour\mdnsNSP.dll
0x000007fef9c20000 - 0x000007fef9c47000 	C:\Windows\system32\Iphlpapi.DLL
0x000007fef9c10000 - 0x000007fef9c1b000 	C:\Windows\system32\WINNSI.DLL
0x000007fef9840000 - 0x000007fef9893000 	C:\Windows\System32\fwpuclnt.dll
0x000007fef8260000 - 0x000007fef8268000 	C:\Windows\system32\rasadhlp.dll
0x000007fefc820000 - 0x000007fefc827000 	C:\Windows\System32\wshtcpip.dll
0x000007fef52b0000 - 0x000007fef53d5000 	C:\Windows\system32\dbghelp.dll

VM Arguments:
jvm_args: -agentlib:jdwp=transport=dt_socket,suspend=y,address=localhost:58163 -Dfile.encoding=Cp1252 
java_command: ExpressionSolve
Launcher Type: SUN_STANDARD

Environment Variables:
JAVA_HOME=C:\JAVA\jdk7-64bit
PATH=C:\Windows\system32;C:\Windows;C:\Windows\System32\Wbem;C:\Windows\System32\WindowsPowerShell\v1.0\;C:\JAVA\jdk7-64bit\bin;C:\MAVEN\apache-maven-3.0.3\bin;C:\Program Files (x86)\Calibre2\;C:\nodejs\;c:\Program Files (x86)\Common Files\Adobe\AGL;C:\Users\Michael Monson\AppData\Roaming\npm;C:\AEM\util\vault-cli-3.1.6\bin
USERNAME=Michael Monson
OS=Windows_NT
PROCESSOR_IDENTIFIER=Intel64 Family 6 Model 42 Stepping 7, GenuineIntel



---------------  S Y S T E M  ---------------

OS: Windows 7 , 64 bit Build 7601 Service Pack 1

CPU:total 8 (4 cores per cpu, 2 threads per core) family 6 model 42 stepping 7, cmov, cx8, fxsr, mmx, sse, sse2, sse3, ssse3, sse4.1, sse4.2, popcnt, avx, ht, tsc, tscinvbit

Memory: 4k page, physical 16657648k(8053640k free), swap 33313432k(20484852k free)

vm_info: Java HotSpot(TM) 64-Bit Server VM (23.21-b01) for windows-amd64 JRE (1.7.0_21-b11), built on Apr  4 2013 08:11:28 by "java_re" with unknown MS VC++:1600

time: Mon Dec 15 11:24:55 2014
elapsed time: 3210 seconds

